=== T15.3a start 2026-04-23T10:04:40Z ===
[batch] start run_id=20260423_180440 total_selected=9 pending=9 run_dir=/Users/zhouzian/Desktop/CICC-RS/CTA_vol/results/runs/20260423_180440
[batch] [1/9] start product=B
[batch] [1/9] success product=B sharpe=4.445 total_return=0.3094
[batch] [2/9] start product=BB
/Users/zhouzian/Library/Python/3.12/lib/python/site-packages/pandas/core/arraylike.py:399: RuntimeWarning: divide by zero encountered in log
  result = getattr(ufunc, method)(*inputs, **kwargs)
/Users/zhouzian/Library/Python/3.12/lib/python/site-packages/pandas/core/arraylike.py:399: RuntimeWarning: divide by zero encountered in log
  result = getattr(ufunc, method)(*inputs, **kwargs)
[batch] [2/9] success product=BB sharpe=2.165 total_return=0.7650
[batch] [3/9] start product=FB
[batch] [3/9] success product=FB sharpe=-0.036 total_return=-0.0060
[batch] [4/9] start product=FU
[batch] [4/9] success product=FU sharpe=5.869 total_return=3.3096
[batch] [5/9] start product=JD
/Users/zhouzian/Desktop/CICC-RS/CTA_vol/pipeline/dataset.py:735: PerformanceWarning: DataFrame is highly fragmented.  This is usually the result of calling `frame.insert` many times, which has poor performance.  Consider joining all columns at once using pd.concat(axis=1) instead. To get a de-fragmented frame, use `newframe = frame.copy()`
  merged[a_col] = merged[col].notna().astype("int8")
/Users/zhouzian/Desktop/CICC-RS/CTA_vol/pipeline/dataset.py:735: PerformanceWarning: DataFrame is highly fragmented.  This is usually the result of calling `frame.insert` many times, which has poor performance.  Consider joining all columns at once using pd.concat(axis=1) instead. To get a de-fragmented frame, use `newframe = frame.copy()`
  merged[a_col] = merged[col].notna().astype("int8")
/Users/zhouzian/Desktop/CICC-RS/CTA_vol/pipeline/dataset.py:735: PerformanceWarning: DataFrame is highly fragmented.  This is usually the result of calling `frame.insert` many times, which has poor performance.  Consider joining all columns at once using pd.concat(axis=1) instead. To get a de-fragmented frame, use `newframe = frame.copy()`
  merged[a_col] = merged[col].notna().astype("int8")
/Users/zhouzian/Desktop/CICC-RS/CTA_vol/pipeline/dataset.py:735: PerformanceWarning: DataFrame is highly fragmented.  This is usually the result of calling `frame.insert` many times, which has poor performance.  Consider joining all columns at once using pd.concat(axis=1) instead. To get a de-fragmented frame, use `newframe = frame.copy()`
  merged[a_col] = merged[col].notna().astype("int8")
/Users/zhouzian/Desktop/CICC-RS/CTA_vol/pipeline/dataset.py:735: PerformanceWarning: DataFrame is highly fragmented.  This is usually the result of calling `frame.insert` many times, which has poor performance.  Consider joining all columns at once using pd.concat(axis=1) instead. To get a de-fragmented frame, use `newframe = frame.copy()`
  merged[a_col] = merged[col].notna().astype("int8")
/Users/zhouzian/Desktop/CICC-RS/CTA_vol/pipeline/dataset.py:735: PerformanceWarning: DataFrame is highly fragmented.  This is usually the result of calling `frame.insert` many times, which has poor performance.  Consider joining all columns at once using pd.concat(axis=1) instead. To get a de-fragmented frame, use `newframe = frame.copy()`
  merged[a_col] = merged[col].notna().astype("int8")
/Users/zhouzian/Desktop/CICC-RS/CTA_vol/pipeline/dataset.py:735: PerformanceWarning: DataFrame is highly fragmented.  This is usually the result of calling `frame.insert` many times, which has poor performance.  Consider joining all columns at once using pd.concat(axis=1) instead. To get a de-fragmented frame, use `newframe = frame.copy()`
  merged[a_col] = merged[col].notna().astype("int8")
/Users/zhouzian/Desktop/CICC-RS/CTA_vol/pipeline/dataset.py:735: PerformanceWarning: DataFrame is highly fragmented.  This is usually the result of calling `frame.insert` many times, which has poor performance.  Consider joining all columns at once using pd.concat(axis=1) instead. To get a de-fragmented frame, use `newframe = frame.copy()`
  merged[a_col] = merged[col].notna().astype("int8")
/Users/zhouzian/Desktop/CICC-RS/CTA_vol/pipeline/dataset.py:735: PerformanceWarning: DataFrame is highly fragmented.  This is usually the result of calling `frame.insert` many times, which has poor performance.  Consider joining all columns at once using pd.concat(axis=1) instead. To get a de-fragmented frame, use `newframe = frame.copy()`
  merged[a_col] = merged[col].notna().astype("int8")
/Users/zhouzian/Desktop/CICC-RS/CTA_vol/pipeline/dataset.py:735: PerformanceWarning: DataFrame is highly fragmented.  This is usually the result of calling `frame.insert` many times, which has poor performance.  Consider joining all columns at once using pd.concat(axis=1) instead. To get a de-fragmented frame, use `newframe = frame.copy()`
  merged[a_col] = merged[col].notna().astype("int8")
/Users/zhouzian/Desktop/CICC-RS/CTA_vol/pipeline/dataset.py:735: PerformanceWarning: DataFrame is highly fragmented.  This is usually the result of calling `frame.insert` many times, which has poor performance.  Consider joining all columns at once using pd.concat(axis=1) instead. To get a de-fragmented frame, use `newframe = frame.copy()`
  merged[a_col] = merged[col].notna().astype("int8")
/Users/zhouzian/Desktop/CICC-RS/CTA_vol/pipeline/dataset.py:735: PerformanceWarning: DataFrame is highly fragmented.  This is usually the result of calling `frame.insert` many times, which has poor performance.  Consider joining all columns at once using pd.concat(axis=1) instead. To get a de-fragmented frame, use `newframe = frame.copy()`
  merged[a_col] = merged[col].notna().astype("int8")
/Users/zhouzian/Desktop/CICC-RS/CTA_vol/pipeline/dataset.py:735: PerformanceWarning: DataFrame is highly fragmented.  This is usually the result of calling `frame.insert` many times, which has poor performance.  Consider joining all columns at once using pd.concat(axis=1) instead. To get a de-fragmented frame, use `newframe = frame.copy()`
  merged[a_col] = merged[col].notna().astype("int8")
/Users/zhouzian/Desktop/CICC-RS/CTA_vol/pipeline/dataset.py:735: PerformanceWarning: DataFrame is highly fragmented.  This is usually the result of calling `frame.insert` many times, which has poor performance.  Consider joining all columns at once using pd.concat(axis=1) instead. To get a de-fragmented frame, use `newframe = frame.copy()`
  merged[a_col] = merged[col].notna().astype("int8")
/Users/zhouzian/Desktop/CICC-RS/CTA_vol/pipeline/dataset.py:735: PerformanceWarning: DataFrame is highly fragmented.  This is usually the result of calling `frame.insert` many times, which has poor performance.  Consider joining all columns at once using pd.concat(axis=1) instead. To get a de-fragmented frame, use `newframe = frame.copy()`
  merged[a_col] = merged[col].notna().astype("int8")
/Users/zhouzian/Desktop/CICC-RS/CTA_vol/pipeline/dataset.py:735: PerformanceWarning: DataFrame is highly fragmented.  This is usually the result of calling `frame.insert` many times, which has poor performance.  Consider joining all columns at once using pd.concat(axis=1) instead. To get a de-fragmented frame, use `newframe = frame.copy()`
  merged[a_col] = merged[col].notna().astype("int8")
[batch] [5/9] success product=JD sharpe=6.392 total_return=0.3794
[batch] [6/9] start product=M
/Users/zhouzian/Desktop/CICC-RS/CTA_vol/pipeline/dataset.py:735: PerformanceWarning: DataFrame is highly fragmented.  This is usually the result of calling `frame.insert` many times, which has poor performance.  Consider joining all columns at once using pd.concat(axis=1) instead. To get a de-fragmented frame, use `newframe = frame.copy()`
  merged[a_col] = merged[col].notna().astype("int8")
/Users/zhouzian/Desktop/CICC-RS/CTA_vol/pipeline/dataset.py:735: PerformanceWarning: DataFrame is highly fragmented.  This is usually the result of calling `frame.insert` many times, which has poor performance.  Consider joining all columns at once using pd.concat(axis=1) instead. To get a de-fragmented frame, use `newframe = frame.copy()`
  merged[a_col] = merged[col].notna().astype("int8")
/Users/zhouzian/Desktop/CICC-RS/CTA_vol/pipeline/dataset.py:735: PerformanceWarning: DataFrame is highly fragmented.  This is usually the result of calling `frame.insert` many times, which has poor performance.  Consider joining all columns at once using pd.concat(axis=1) instead. To get a de-fragmented frame, use `newframe = frame.copy()`
  merged[a_col] = merged[col].notna().astype("int8")
/Users/zhouzian/Desktop/CICC-RS/CTA_vol/pipeline/dataset.py:735: PerformanceWarning: DataFrame is highly fragmented.  This is usually the result of calling `frame.insert` many times, which has poor performance.  Consider joining all columns at once using pd.concat(axis=1) instead. To get a de-fragmented frame, use `newframe = frame.copy()`
  merged[a_col] = merged[col].notna().astype("int8")
/Users/zhouzian/Desktop/CICC-RS/CTA_vol/pipeline/dataset.py:735: PerformanceWarning: DataFrame is highly fragmented.  This is usually the result of calling `frame.insert` many times, which has poor performance.  Consider joining all columns at once using pd.concat(axis=1) instead. To get a de-fragmented frame, use `newframe = frame.copy()`
  merged[a_col] = merged[col].notna().astype("int8")
/Users/zhouzian/Desktop/CICC-RS/CTA_vol/pipeline/dataset.py:735: PerformanceWarning: DataFrame is highly fragmented.  This is usually the result of calling `frame.insert` many times, which has poor performance.  Consider joining all columns at once using pd.concat(axis=1) instead. To get a de-fragmented frame, use `newframe = frame.copy()`
  merged[a_col] = merged[col].notna().astype("int8")
/Users/zhouzian/Desktop/CICC-RS/CTA_vol/pipeline/dataset.py:735: PerformanceWarning: DataFrame is highly fragmented.  This is usually the result of calling `frame.insert` many times, which has poor performance.  Consider joining all columns at once using pd.concat(axis=1) instead. To get a de-fragmented frame, use `newframe = frame.copy()`
  merged[a_col] = merged[col].notna().astype("int8")
/Users/zhouzian/Desktop/CICC-RS/CTA_vol/pipeline/dataset.py:735: PerformanceWarning: DataFrame is highly fragmented.  This is usually the result of calling `frame.insert` many times, which has poor performance.  Consider joining all columns at once using pd.concat(axis=1) instead. To get a de-fragmented frame, use `newframe = frame.copy()`
  merged[a_col] = merged[col].notna().astype("int8")
/Users/zhouzian/Desktop/CICC-RS/CTA_vol/pipeline/dataset.py:735: PerformanceWarning: DataFrame is highly fragmented.  This is usually the result of calling `frame.insert` many times, which has poor performance.  Consider joining all columns at once using pd.concat(axis=1) instead. To get a de-fragmented frame, use `newframe = frame.copy()`
  merged[a_col] = merged[col].notna().astype("int8")
/Users/zhouzian/Desktop/CICC-RS/CTA_vol/pipeline/dataset.py:735: PerformanceWarning: DataFrame is highly fragmented.  This is usually the result of calling `frame.insert` many times, which has poor performance.  Consider joining all columns at once using pd.concat(axis=1) instead. To get a de-fragmented frame, use `newframe = frame.copy()`
  merged[a_col] = merged[col].notna().astype("int8")
/Users/zhouzian/Desktop/CICC-RS/CTA_vol/pipeline/dataset.py:735: PerformanceWarning: DataFrame is highly fragmented.  This is usually the result of calling `frame.insert` many times, which has poor performance.  Consider joining all columns at once using pd.concat(axis=1) instead. To get a de-fragmented frame, use `newframe = frame.copy()`
  merged[a_col] = merged[col].notna().astype("int8")
[batch] [6/9] success product=M sharpe=5.646 total_return=0.3114
[batch] [7/9] start product=RU
[batch] [7/9] success product=RU sharpe=3.517 total_return=0.3948
[batch] [8/9] start product=SN
[batch] [8/9] success product=SN sharpe=6.419 total_return=1.6469
[batch] [9/9] start product=Y
/Users/zhouzian/Desktop/CICC-RS/CTA_vol/pipeline/dataset.py:735: PerformanceWarning: DataFrame is highly fragmented.  This is usually the result of calling `frame.insert` many times, which has poor performance.  Consider joining all columns at once using pd.concat(axis=1) instead. To get a de-fragmented frame, use `newframe = frame.copy()`
  merged[a_col] = merged[col].notna().astype("int8")
/Users/zhouzian/Desktop/CICC-RS/CTA_vol/pipeline/dataset.py:735: PerformanceWarning: DataFrame is highly fragmented.  This is usually the result of calling `frame.insert` many times, which has poor performance.  Consider joining all columns at once using pd.concat(axis=1) instead. To get a de-fragmented frame, use `newframe = frame.copy()`
  merged[a_col] = merged[col].notna().astype("int8")
/Users/zhouzian/Desktop/CICC-RS/CTA_vol/pipeline/dataset.py:735: PerformanceWarning: DataFrame is highly fragmented.  This is usually the result of calling `frame.insert` many times, which has poor performance.  Consider joining all columns at once using pd.concat(axis=1) instead. To get a de-fragmented frame, use `newframe = frame.copy()`
  merged[a_col] = merged[col].notna().astype("int8")
/Users/zhouzian/Desktop/CICC-RS/CTA_vol/pipeline/dataset.py:735: PerformanceWarning: DataFrame is highly fragmented.  This is usually the result of calling `frame.insert` many times, which has poor performance.  Consider joining all columns at once using pd.concat(axis=1) instead. To get a de-fragmented frame, use `newframe = frame.copy()`
  merged[a_col] = merged[col].notna().astype("int8")
[batch] [9/9] success product=Y sharpe=3.910 total_return=0.2355
[batch] completed run_id=20260423_180440 success=9 failed=0 skipped=0 pending=0
[batch] top_result product=SN sharpe=6.419 total_return=1.6469
[batch] top_result product=JD sharpe=6.392 total_return=0.3794
[batch] top_result product=FU sharpe=5.869 total_return=3.3096
[batch] top_result product=M sharpe=5.646 total_return=0.3114
[batch] top_result product=B sharpe=4.445 total_return=0.3094
[batch] manifest=/Users/zhouzian/Desktop/CICC-RS/CTA_vol/results/runs/20260423_180440/manifest.json
{
  "run_id": "20260423_180440",
  "created_at": "2026-04-23T18:04:40.748643",
  "updated_at": "2026-04-23T18:15:42.057179",
  "status": "completed",
  "config_path": "/Users/zhouzian/Desktop/CICC-RS/CTA_vol/config.yaml",
  "requested_products": [
    "FB",
    "FU",
    "Y",
    "B",
    "SN",
    "RU",
    "BB",
    "JD",
    "M"
  ],
  "selected_products": [
    "B",
    "BB",
    "FB",
    "FU",
    "JD",
    "M",
    "RU",
    "SN",
    "Y"
  ],
  "completed_products": [
    "B",
    "BB",
    "FB",
    "FU",
    "JD",
    "M",
    "RU",
    "SN",
    "Y"
  ],
  "pending_products": [],
  "total_selected": 9,
  "processed_count": 9,
  "pending_count": 0,
  "success_count": 9,
  "failure_count": 0,
  "skipped_count": 0,
  "insufficient_coverage_count": 0,
  "insufficient_coverage_products": [],
  "failed_products": [],
  "run_dir": "/Users/zhouzian/Desktop/CICC-RS/CTA_vol/results/runs/20260423_180440",
  "run_summary_path": "/Users/zhouzian/Desktop/CICC-RS/CTA_vol/results/runs/20260423_180440/run_summary.json",
  "failed_products_path": "/Users/zhouzian/Desktop/CICC-RS/CTA_vol/results/runs/20260423_180440/failed_products.json",
  "insufficient_coverage_products_path": "/Users/zhouzian/Desktop/CICC-RS/CTA_vol/results/runs/20260423_180440/insufficient_coverage_products.json",
  "resume_from": null
}
=== T15.3a end 2026-04-23T10:15:42Z ===
